<?xml version="1.0" encoding="UTF-8"?>
<testng-results ignored="2" total="2" passed="0" failed="0" skipped="0">
  <reporter-output>
  </reporter-output>
  <suite started-at="2023-07-30T17:55:53 GMT-04:00" name="Suite" finished-at="2023-07-30T17:55:53 GMT-04:00" duration-ms="14">
    <groups>
    </groups>
    <test started-at="2023-07-30T17:55:53 GMT-04:00" name="Test" finished-at="2023-07-30T17:55:53 GMT-04:00" duration-ms="14">
      <class name="Vtiger.Practice.BCreateOrgwithIndustryUsingDDTTest">
        <test-method is-config="true" signature="bsConfig()[pri:0, instance:Vtiger.Practice.BCreateOrgwithIndustryUsingDDTTest@5e0e82ae]" started-at="2023-07-30T17:55:53 GMT-04:00" name="bsConfig" finished-at="2023-07-30T17:55:53 GMT-04:00" duration-ms="15" status="PASS">
          <reporter-output>
          </reporter-output>
        </test-method> <!-- bsConfig -->
        <test-method is-config="true" signature="asConfig()[pri:0, instance:Vtiger.Practice.BCreateOrgwithIndustryUsingDDTTest@5e0e82ae]" started-at="2023-07-30T17:55:54 GMT-04:00" name="asConfig" finished-at="2023-07-30T17:55:54 GMT-04:00" duration-ms="1" status="PASS">
          <reporter-output>
          </reporter-output>
        </test-method> <!-- asConfig -->
      </class> <!-- Vtiger.Practice.BCreateOrgwithIndustryUsingDDTTest -->
    </test> <!-- Test -->
  </suite> <!-- Suite -->
</testng-results>
