<?xml version="1.0" encoding="UTF-8"?>
<!-- Generated by org.testng.reporters.JUnitXMLReporter -->
<testsuite ignored="2" hostname="LAPTOP-NHSCES8P" failures="0" tests="0" time="0.014" errors="0" timestamp="2023-07-30T17:55:53 GMT-04:00">
  <testcase classname="Vtiger.Practice.BCreateOrgwithIndustryUsingDDTTest" name="sample" time="0.0">
    <ignored/>
  </testcase> <!-- sample -->
  <testcase classname="Vtiger.Practice.BCreateOrgwithIndustryUsingDDTTest" name="createOrgwithIndustryUsingDDTTest" time="0.0">
    <ignored/>
  </testcase> <!-- createOrgwithIndustryUsingDDTTest -->
</testsuite>
