<?xml version="1.0" encoding="UTF-8"?>
<!-- Generated by org.testng.reporters.JUnitXMLReporter -->
<testsuite ignored="0" hostname="LAPTOP-NHSCES8P" failures="0" tests="2" name="TestRunner2" time="58.946" errors="0" timestamp="2023-07-25T11:09:55 GMT-04:00">
  <testcase classname="Vtiger.Practice.BCreateOrgwithIndustryUsingDDTTest" name="createOrgwithIndustryUsingDDTTest" time="26.919"/>
  <testcase classname="Vtiger.Practice.BCreateOrgwithIndustryUsingDDTTest" name="sample" time="0.0">
    <skipped/>
  </testcase> <!-- sample -->
</testsuite> <!-- TestRunner2 -->
