<?xml version="1.0" encoding="UTF-8"?>
<!-- Generated by org.testng.reporters.JUnitXMLReporter -->
<testsuite ignored="0" hostname="LAPTOP-NHSCES8P" failures="0" tests="2" name="TestRunner1" time="59.582" errors="0" timestamp="2023-07-25T11:09:55 GMT-04:00">
  <testcase classname="Vtiger.GenericUtilities.BaseClass" name="@AfterMethod amConfig" time="0.019">
    <failure type="java.lang.Error" message="Unresolved compilation problem: 
	Syntax error on token &amp;quot;}&amp;quot;, delete this token
">
      <![CDATA[java.lang.Error: Unresolved compilation problem: 
Syntax error on token "}", delete this token

at ObjectRepository.HomePage.<init>(HomePage.java:110)
at Vtiger.GenericUtilities.BaseClass.amConfig(BaseClass.java:77)
at java.base/java.util.ArrayList.forEach(ArrayList.java:1511)
at java.base/java.util.concurrent.FutureTask.run(FutureTask.java:317)
at java.base/java.util.concurrent.ThreadPoolExecutor.runWorker(ThreadPoolExecutor.java:1144)
at java.base/java.util.concurrent.ThreadPoolExecutor$Worker.run(ThreadPoolExecutor.java:642)
at java.base/java.lang.Thread.run(Thread.java:1589)
... Removed 20 stack frames]]>
    </failure>
  </testcase> <!-- @AfterMethod amConfig -->
  <testcase classname="Vtiger.GenericUtilities.BaseClass" name="@AfterMethod amConfig" time="0.0">
    <failure type="java.lang.Error" message="Unresolved compilation problem: 
	Syntax error on token &amp;quot;}&amp;quot;, delete this token
">
      <![CDATA[java.lang.Error: Unresolved compilation problem: 
Syntax error on token "}", delete this token

at ObjectRepository.HomePage.<init>(HomePage.java:110)
at Vtiger.GenericUtilities.BaseClass.amConfig(BaseClass.java:77)
at java.base/java.util.ArrayList.forEach(ArrayList.java:1511)
at java.base/java.util.concurrent.FutureTask.run(FutureTask.java:317)
at java.base/java.util.concurrent.ThreadPoolExecutor.runWorker(ThreadPoolExecutor.java:1144)
at java.base/java.util.concurrent.ThreadPoolExecutor$Worker.run(ThreadPoolExecutor.java:642)
at java.base/java.lang.Thread.run(Thread.java:1589)
... Removed 20 stack frames]]>
    </failure>
  </testcase> <!-- @AfterMethod amConfig -->
  <testcase classname="Vtiger.GenericUtilities.BaseClass" name="@AfterMethod amConfig" time="0.003">
    <failure type="java.lang.Error" message="Unresolved compilation problem: 
	Syntax error on token &amp;quot;}&amp;quot;, delete this token
">
      <![CDATA[java.lang.Error: Unresolved compilation problem: 
Syntax error on token "}", delete this token

at ObjectRepository.HomePage.<init>(HomePage.java:110)
at Vtiger.GenericUtilities.BaseClass.amConfig(BaseClass.java:77)
at java.base/java.util.ArrayList.forEach(ArrayList.java:1511)
at java.base/java.util.concurrent.FutureTask.run(FutureTask.java:317)
at java.base/java.util.concurrent.ThreadPoolExecutor.runWorker(ThreadPoolExecutor.java:1144)
at java.base/java.util.concurrent.ThreadPoolExecutor$Worker.run(ThreadPoolExecutor.java:642)
at java.base/java.lang.Thread.run(Thread.java:1589)
... Removed 20 stack frames]]>
    </failure>
  </testcase> <!-- @AfterMethod amConfig -->
  <testcase classname="Vtiger.GenericUtilities.BaseClass" name="@AfterMethod amConfig" time="0.0">
    <failure type="java.lang.Error" message="Unresolved compilation problem: 
	Syntax error on token &amp;quot;}&amp;quot;, delete this token
">
      <![CDATA[java.lang.Error: Unresolved compilation problem: 
Syntax error on token "}", delete this token

at ObjectRepository.HomePage.<init>(HomePage.java:110)
at Vtiger.GenericUtilities.BaseClass.amConfig(BaseClass.java:77)
at java.base/java.util.ArrayList.forEach(ArrayList.java:1511)
at java.base/java.util.concurrent.FutureTask.run(FutureTask.java:317)
at java.base/java.util.concurrent.ThreadPoolExecutor.runWorker(ThreadPoolExecutor.java:1144)
at java.base/java.util.concurrent.ThreadPoolExecutor$Worker.run(ThreadPoolExecutor.java:642)
at java.base/java.lang.Thread.run(Thread.java:1589)
... Removed 20 stack frames]]>
    </failure>
  </testcase> <!-- @AfterMethod amConfig -->
  <testcase classname="Vtiger.Practice.BCreateOrgwithIndustryUsingDDTTest" name="createOrgwithIndustryUsingDDTTest" time="26.56"/>
  <testcase classname="Vtiger.Practice.BCreateOrgwithIndustryUsingDDTTest" name="sample" time="0.001">
    <skipped/>
  </testcase> <!-- sample -->
</testsuite> <!-- TestRunner1 -->
