# JRE version: Java(TM) SE Runtime Environment (19.0.2+7) (build 19.0.2+7-44)
# Java VM: Java HotSpot(TM) 64-Bit Server VM (19.0.2+7-44, mixed mode, sharing, tiered, compressed oops, compressed class ptrs, g1 gc, windows-amd64)
GC Precious Log:
 CardTable entry size: 512
 Card Set container configuration: InlinePtr #cards 5 size 8 Array Of Cards #cards 12 size 40 Howl #buckets 4 coarsen threshold 1843 Howl Bitmap #cards 512 size 80 coarsen threshold 460 Card regions per heap region 1 cards per card region 2048
 CPUs: 4 total, 4 available
 Memory: 3784M
 Large Page Support: Disabled
 NUMA Support: Disabled
 Compressed Oops: Enabled (32-bit)
 Heap Region Size: 1M
 Heap Min Capacity: 8M
 Heap Initial Capacity: 60M
 Heap Max Capacity: 948M
 Pre-touch: Disabled
 Parallel Workers: 4
 Concurrent Workers: 1
 Concurrent Refinement Workers: 4
 Periodic GC: Disabled
Heap:
 garbage-first heap   total 48128K, used 28568K [0x00000000c4c00000, 0x0000000100000000)
  region size 1024K, 14 young (14336K), 2 survivors (2048K)
 Metaspace       used 24618K, committed 24960K, reserved 1114112K
  class space    used 2925K, committed 3072K, reserved 1048576K
GC Heap History (10 events):
Event: 2.523 GC heap before
{Heap before GC invocations=0 (full 0):
 garbage-first heap   total 61440K, used 13312K [0x00000000c4c00000, 0x0000000100000000)
  region size 1024K, 13 young (13312K), 0 survivors (0K)
 Metaspace       used 4837K, committed 5056K, reserved 1114112K
  class space    used 492K, committed 640K, reserved 1048576K
}
Event: 2.535 GC heap after
{Heap after GC invocations=1 (full 0):
 garbage-first heap   total 61440K, used 6369K [0x00000000c4c00000, 0x0000000100000000)
  region size 1024K, 2 young (2048K), 2 survivors (2048K)
 Metaspace       used 4837K, committed 5056K, reserved 1114112K
  class space    used 492K, committed 640K, reserved 1048576K
}
Event: 3.407 GC heap before
{Heap before GC invocations=1 (full 0):
 garbage-first heap   total 61440K, used 19681K [0x00000000c4c00000, 0x0000000100000000)
  region size 1024K, 15 young (15360K), 2 survivors (2048K)
 Metaspace       used 8167K, committed 8512K, reserved 1114112K
  class space    used 882K, committed 1024K, reserved 1048576K
}
Event: 3.412 GC heap after
{Heap after GC invocations=2 (full 0):
 garbage-first heap   total 61440K, used 7421K [0x00000000c4c00000, 0x0000000100000000)
  region size 1024K, 2 young (2048K), 2 survivors (2048K)
 Metaspace       used 8167K, committed 8512K, reserved 1114112K
  class space    used 882K, committed 1024K, reserved 1048576K
}
Event: 6.590 GC heap before
{Heap before GC invocations=2 (full 0):
 garbage-first heap   total 61440K, used 28925K [0x00000000c4c00000, 0x0000000100000000)
  region size 1024K, 23 young (23552K), 2 survivors (2048K)
 Metaspace       used 15781K, committed 16128K, reserved 1114112K
  class space    used 1759K, committed 1984K, reserved 1048576K
}
Event: 6.597 GC heap after
{Heap after GC invocations=3 (full 0):
 garbage-first heap   total 61440K, used 10798K [0x00000000c4c00000, 0x0000000100000000)
  region size 1024K, 3 young (3072K), 3 survivors (3072K)
 Metaspace       used 15781K, committed 16128K, reserved 1114112K
  class space    used 1759K, committed 1984K, reserved 1048576K
}
Event: 7.043 GC heap before
{Heap before GC invocations=3 (full 0):
 garbage-first heap   total 61440K, used 33326K [0x00000000c4c00000, 0x0000000100000000)
  region size 1024K, 25 young (25600K), 3 survivors (3072K)
 Metaspace       used 18675K, committed 19008K, reserved 1114112K
  class space    used 2133K, committed 2304K, reserved 1048576K
}
Event: 7.047 GC heap after
{Heap after GC invocations=4 (full 0):
 garbage-first heap   total 61440K, used 11744K [0x00000000c4c00000, 0x0000000100000000)
  region size 1024K, 1 young (1024K), 1 survivors (1024K)
 Metaspace       used 18675K, committed 19008K, reserved 1114112K
  class space    used 2133K, committed 2304K, reserved 1048576K
}
Event: 7.343 GC heap before
{Heap before GC invocations=4 (full 0):
 garbage-first heap   total 61440K, used 18912K [0x00000000c4c00000, 0x0000000100000000)
  region size 1024K, 9 young (9216K), 1 survivors (1024K)
 Metaspace       used 21254K, committed 21504K, reserved 1114112K
  class space    used 2441K, committed 2560K, reserved 1048576K
}
Event: 7.345 GC heap after
{Heap after GC invocations=5 (full 0):
 garbage-first heap   total 61440K, used 12184K [0x00000000c4c00000, 0x0000000100000000)
  region size 1024K, 2 young (2048K), 2 survivors (2048K)
 Metaspace       used 21254K, committed 21504K, reserved 1114112K
  class space    used 2441K, committed 2560K, reserved 1048576K
}

